Mon Jun 01 2020 15:51:57 GMT+0530 (India Standard Time) - POST - /notes 
Mon Jun 01 2020 15:52:02 GMT+0530 (India Standard Time) - POST - /notes 
Mon Jun 01 2020 15:52:06 GMT+0530 (India Standard Time) - POST - /notes 
Mon Jun 01 2020 15:52:09 GMT+0530 (India Standard Time) - POST - /notes 
Mon Jun 01 2020 15:52:12 GMT+0530 (India Standard Time) - POST - /notes 
Mon Jun 01 2020 15:52:16 GMT+0530 (India Standard Time) - POST - /notes 
Mon Jun 01 2020 15:52:43 GMT+0530 (India Standard Time) - POST - /notes 
Mon Jun 01 2020 15:53:23 GMT+0530 (India Standard Time) - POST - /notes 
Mon Jun 01 2020 15:53:39 GMT+0530 (India Standard Time) - POST - /notes 
Mon Jun 01 2020 15:53:58 GMT+0530 (India Standard Time) - POST - /getnotes 
Mon Jun 01 2020 15:54:11 GMT+0530 (India Standard Time) - POST - /notes 
Mon Jun 01 2020 15:54:31 GMT+0530 (India Standard Time) - POST - /getnotes 
Mon Jun 01 2020 15:54:36 GMT+0530 (India Standard Time) - POST - /notes 
Mon Jun 01 2020 15:54:42 GMT+0530 (India Standard Time) - POST - /getnotes 
Mon Jun 01 2020 15:55:58 GMT+0530 (India Standard Time) - POST - /notes 
Mon Jun 01 2020 15:56:08 GMT+0530 (India Standard Time) - POST - /getnotes 
Mon Jun 01 2020 15:56:52 GMT+0530 (India Standard Time) - POST - /getnotes 
Mon Jun 01 2020 15:57:13 GMT+0530 (India Standard Time) - POST - /getnotes 
Mon Jun 01 2020 16:02:15 GMT+0530 (India Standard Time) - POST - /getnotes 
Mon Jun 01 2020 16:04:15 GMT+0530 (India Standard Time) - POST - /getnotes 
Mon Dec 26 2022 18:04:45 GMT+0530 (India Standard Time) - POST - /notes 
Mon Dec 26 2022 18:07:52 GMT+0530 (India Standard Time) - POST - /notes 
Mon Dec 26 2022 18:08:08 GMT+0530 (India Standard Time) - POST - /notes 
Mon Dec 26 2022 18:08:49 GMT+0530 (India Standard Time) - POST - /notes 
Mon Dec 26 2022 18:08:59 GMT+0530 (India Standard Time) - POST - /notes 
Mon Dec 26 2022 18:10:46 GMT+0530 (India Standard Time) - POST - /notes 
Thu Dec 29 2022 12:13:12 GMT+0530 (India Standard Time) - POST - /notes 
Thu Dec 29 2022 12:13:50 GMT+0530 (India Standard Time) - POST - /notes 
Thu Dec 29 2022 12:16:30 GMT+0530 (India Standard Time) - GET - /notes 
Thu Dec 29 2022 12:16:46 GMT+0530 (India Standard Time) - POST - /notes 
Thu Dec 29 2022 12:16:52 GMT+0530 (India Standard Time) - POST - /notes 
Fri Apr 21 2023 18:25:54 GMT+0530 (India Standard Time) - POST - /register 
Fri Apr 21 2023 18:27:21 GMT+0530 (India Standard Time) - POST - /register 
Fri Apr 21 2023 18:29:58 GMT+0530 (India Standard Time) - POST - /register 
Fri Apr 21 2023 18:31:57 GMT+0530 (India Standard Time) - POST - /login 
Fri Apr 21 2023 18:32:14 GMT+0530 (India Standard Time) - POST - /login 
Fri Apr 21 2023 18:33:48 GMT+0530 (India Standard Time) - POST - /login 
Fri Apr 21 2023 18:34:15 GMT+0530 (India Standard Time) - POST - /login 
Fri Apr 21 2023 18:35:06 GMT+0530 (India Standard Time) - POST - /login 
Fri Apr 21 2023 18:35:20 GMT+0530 (India Standard Time) - POST - /notes 
Fri Apr 21 2023 18:35:33 GMT+0530 (India Standard Time) - GET - /notes 
Fri Apr 21 2023 18:39:54 GMT+0530 (India Standard Time) - GET - /notes 
Fri Apr 21 2023 18:41:41 GMT+0530 (India Standard Time) - GET - /notes 
Fri Apr 21 2023 18:41:43 GMT+0530 (India Standard Time) - GET - /notes 
Fri Apr 21 2023 18:41:56 GMT+0530 (India Standard Time) - GET - /notes 
Fri Apr 21 2023 18:42:09 GMT+0530 (India Standard Time) - GET - /notes 
Fri Apr 21 2023 18:55:55 GMT+0530 (India Standard Time) - GET - /notes 
Fri Apr 21 2023 18:56:29 GMT+0530 (India Standard Time) - GET - /login 
Fri Apr 21 2023 18:56:39 GMT+0530 (India Standard Time) - POST - /login 
Fri Apr 21 2023 18:57:58 GMT+0530 (India Standard Time) - POST - /login 
Fri Apr 21 2023 18:58:43 GMT+0530 (India Standard Time) - POST - /notes 
Fri Apr 21 2023 19:12:57 GMT+0530 (India Standard Time) - POST - /notes 
Fri Apr 21 2023 19:13:02 GMT+0530 (India Standard Time) - GET - /notes 
Fri Apr 21 2023 19:13:59 GMT+0530 (India Standard Time) - GET - /notes 
Fri Apr 21 2023 19:15:05 GMT+0530 (India Standard Time) - GET - /notes 
Fri Apr 21 2023 19:18:04 GMT+0530 (India Standard Time) - GET - /login 
Fri Apr 21 2023 19:18:09 GMT+0530 (India Standard Time) - GET - /login 
Fri Apr 21 2023 19:18:51 GMT+0530 (India Standard Time) - GET - /login 
Fri Apr 21 2023 19:18:57 GMT+0530 (India Standard Time) - POST - /login 
Fri Apr 21 2023 19:19:22 GMT+0530 (India Standard Time) - GET - /notes 
Sat Apr 22 2023 20:05:51 GMT+0530 (India Standard Time) - GET - /notes 
